<?xml version='1.0'?>
<ns2:test-suite xmlns:ns2='urn:model.allure.qatools.yandex.ru' start='1672726025274' stop='1672726026528'>
    <name>multiplelogin:</name>
    <title>multiplelogin:</title>
    <test-cases>
        <test-case start='1672726025858' status='failed' stop='1672726026367'>
            <name>PretaaLogin_test | {"login":"jiniya+1@itobuz.com","password":"Password@50"}</name>
            <title>PretaaLogin_test | {"login":"jiniya+1@itobuz.com","password":"Password@50"}</title>
            <labels>
                <label name='tag' value='@itobuz'/>
                <label name='tag' value='@50'/>
            </labels>
            <parameters/>
            <steps/>
            <attachments>
                <attachment title='Last Seen Screenshot' source='5006c7f2-761d-4c2b-8bdf-648c7ee5e3e6-attachment.png' type='image/png' size='5320'/>
            </attachments>
            <failure>
                <message>Object of type false is not defined in container</message>
                <stack-trace>Error: Object of type false is not defined in container
                    at getInjectedArguments (/Users/itobuz/Desktop/macbook/codeceptjs_practice/node_modules/codeceptjs/lib/scenario.js:212:13)
                    at Context.test.fn (/Users/itobuz/Desktop/macbook/codeceptjs_practice/node_modules/codeceptjs/lib/scenario.js:91:25)
                    at callFnAsync (/Users/itobuz/Desktop/macbook/codeceptjs_practice/node_modules/mocha/lib/runnable.js:386:21)
                    at Test.Runnable.run (/Users/itobuz/Desktop/macbook/codeceptjs_practice/node_modules/mocha/lib/runnable.js:330:7)
                    at Runner.runTest (/Users/itobuz/Desktop/macbook/codeceptjs_practice/node_modules/mocha/lib/runner.js:621:10)
                    at /Users/itobuz/Desktop/macbook/codeceptjs_practice/node_modules/mocha/lib/runner.js:745:12
                    at next (/Users/itobuz/Desktop/macbook/codeceptjs_practice/node_modules/mocha/lib/runner.js:538:14)
                    at /Users/itobuz/Desktop/macbook/codeceptjs_practice/node_modules/mocha/lib/runner.js:548:7
                    at next (/Users/itobuz/Desktop/macbook/codeceptjs_practice/node_modules/mocha/lib/runner.js:430:14)
                    at cbHookRun (/Users/itobuz/Desktop/macbook/codeceptjs_practice/node_modules/mocha/lib/runner.js:495:7)</stack-trace>
            </failure>
        </test-case>
        <test-case start='1672726026459' status='failed' stop='1672726026461'>
            <name>PretaaLogin_test | {"login":"jiniya+1+admin@itobuz.com","password":"Password@50"}</name>
            <title>PretaaLogin_test | {"login":"jiniya+1+admin@itobuz.com","password":"Password@50"}</title>
            <labels>
                <label name='tag' value='@itobuz'/>
                <label name='tag' value='@50'/>
            </labels>
            <parameters/>
            <steps/>
            <attachments>
                <attachment title='Last Seen Screenshot' source='62265cba-28cf-4ab6-b069-545b4b724f1d-attachment.png' type='image/png' size='5320'/>
            </attachments>
            <failure>
                <message>Object of type false is not defined in container</message>
                <stack-trace>Error: Object of type false is not defined in container
                    at getInjectedArguments (/Users/itobuz/Desktop/macbook/codeceptjs_practice/node_modules/codeceptjs/lib/scenario.js:212:13)
                    at Context.test.fn (/Users/itobuz/Desktop/macbook/codeceptjs_practice/node_modules/codeceptjs/lib/scenario.js:91:25)
                    at callFnAsync (/Users/itobuz/Desktop/macbook/codeceptjs_practice/node_modules/mocha/lib/runnable.js:386:21)
                    at Test.Runnable.run (/Users/itobuz/Desktop/macbook/codeceptjs_practice/node_modules/mocha/lib/runnable.js:330:7)
                    at Runner.runTest (/Users/itobuz/Desktop/macbook/codeceptjs_practice/node_modules/mocha/lib/runner.js:621:10)
                    at /Users/itobuz/Desktop/macbook/codeceptjs_practice/node_modules/mocha/lib/runner.js:745:12
                    at next (/Users/itobuz/Desktop/macbook/codeceptjs_practice/node_modules/mocha/lib/runner.js:538:14)
                    at /Users/itobuz/Desktop/macbook/codeceptjs_practice/node_modules/mocha/lib/runner.js:548:7
                    at next (/Users/itobuz/Desktop/macbook/codeceptjs_practice/node_modules/mocha/lib/runner.js:430:14)
                    at cbHookRun (/Users/itobuz/Desktop/macbook/codeceptjs_practice/node_modules/mocha/lib/runner.js:495:7)</stack-trace>
            </failure>
        </test-case>
    </test-cases>
</ns2:test-suite>